This file contains any messages produced by compilers while
running configure, to aid debugging if configure makes a mistake.

It was created by configure, which was
generated by GNU Autoconf 2.59.  Invocation command line was

  $ ./configure 

## --------- ##
## Platform. ##
## --------- ##

hostname = skysbird-System-Product-Name
uname -m = x86_64
uname -r = 3.5.0-23-generic
uname -s = Linux
uname -v = #35-Ubuntu SMP Thu Jan 24 13:15:40 UTC 2013

/usr/bin/uname -p = unknown
/bin/uname -X     = unknown

/bin/arch              = unknown
/usr/bin/arch -k       = unknown
/usr/convex/getsysinfo = unknown
hostinfo               = unknown
/bin/machine           = unknown
/usr/bin/oslevel       = unknown
/bin/universe          = unknown

PATH: /usr/local/sbin
PATH: /usr/local/bin
PATH: /usr/sbin
PATH: /usr/bin
PATH: /sbin
PATH: /bin
PATH: /usr/games
PATH: /usr/local/games


## ----------- ##
## Core tests. ##
## ----------- ##

configure:1541: checking for a BSD-compatible install
configure:1596: result: /usr/bin/install -c
configure:1607: checking whether build environment is sane
configure:1650: result: yes
configure:1715: checking for gawk
configure:1744: result: no
configure:1715: checking for mawk
configure:1731: found /usr/bin/mawk
configure:1741: result: mawk
configure:1751: checking whether make sets $(MAKE)
configure:1771: result: yes
configure:1991: checking for gcc
configure:2007: found /usr/bin/gcc
configure:2017: result: gcc
configure:2261: checking for C compiler version
configure:2264: gcc --version </dev/null >&5
gcc (Ubuntu/Linaro 4.7.2-2ubuntu1) 4.7.2
Copyright (C) 2012 Free Software Foundation, Inc.
This is free software; see the source for copying conditions.  There is NO
warranty; not even for MERCHANTABILITY or FITNESS FOR A PARTICULAR PURPOSE.

configure:2267: $? = 0
configure:2269: gcc -v </dev/null >&5
Using built-in specs.
COLLECT_GCC=gcc
COLLECT_LTO_WRAPPER=/usr/lib/gcc/x86_64-linux-gnu/4.7/lto-wrapper
Target: x86_64-linux-gnu
Configured with: ../src/configure -v --with-pkgversion='Ubuntu/Linaro 4.7.2-2ubuntu1' --with-bugurl=file:///usr/share/doc/gcc-4.7/README.Bugs --enable-languages=c,c++,go,fortran,objc,obj-c++ --prefix=/usr --program-suffix=-4.7 --enable-shared --enable-linker-build-id --with-system-zlib --libexecdir=/usr/lib --without-included-gettext --enable-threads=posix --with-gxx-include-dir=/usr/include/c++/4.7 --libdir=/usr/lib --enable-nls --with-sysroot=/ --enable-clocale=gnu --enable-libstdcxx-debug --enable-libstdcxx-time=yes --enable-gnu-unique-object --enable-plugin --enable-objc-gc --disable-werror --with-arch-32=i686 --with-tune=generic --enable-checking=release --build=x86_64-linux-gnu --host=x86_64-linux-gnu --target=x86_64-linux-gnu
Thread model: posix
gcc version 4.7.2 (Ubuntu/Linaro 4.7.2-2ubuntu1) 
configure:2272: $? = 0
configure:2274: gcc -V </dev/null >&5
gcc: error: unrecognized command line option '-V'
gcc: fatal error: no input files
compilation terminated.
configure:2277: $? = 4
configure:2300: checking for C compiler default output file name
configure:2303: gcc    conftest.c  >&5
configure:2306: $? = 0
configure:2352: result: a.out
configure:2357: checking whether the C compiler works
configure:2363: ./a.out
configure:2366: $? = 0
configure:2383: result: yes
configure:2390: checking whether we are cross compiling
configure:2392: result: no
configure:2395: checking for suffix of executables
configure:2397: gcc -o conftest    conftest.c  >&5
configure:2400: $? = 0
configure:2425: result: 
configure:2431: checking for suffix of object files
configure:2452: gcc -c   conftest.c >&5
configure:2455: $? = 0
configure:2477: result: o
configure:2481: checking whether we are using the GNU C compiler
configure:2505: gcc -c   conftest.c >&5
configure:2511: $? = 0
configure:2515: test -z 
			 || test ! -s conftest.err
configure:2518: $? = 0
configure:2521: test -s conftest.o
configure:2524: $? = 0
configure:2537: result: yes
configure:2543: checking whether gcc accepts -g
configure:2564: gcc -c -g  conftest.c >&5
configure:2570: $? = 0
configure:2574: test -z 
			 || test ! -s conftest.err
configure:2577: $? = 0
configure:2580: test -s conftest.o
configure:2583: $? = 0
configure:2594: result: yes
configure:2611: checking for gcc option to accept ANSI C
configure:2681: gcc  -c -g -O2  conftest.c >&5
configure:2687: $? = 0
configure:2691: test -z 
			 || test ! -s conftest.err
configure:2694: $? = 0
configure:2697: test -s conftest.o
configure:2700: $? = 0
configure:2718: result: none needed
configure:2736: gcc -c -g -O2  conftest.c >&5
conftest.c:2:3: error: unknown type name 'choke'
conftest.c:2:3: error: expected '=', ',', ';', 'asm' or '__attribute__' at end of input
configure:2742: $? = 1
configure: failed program was:
| #ifndef __cplusplus
|   choke me
| #endif
configure:2886: checking for style of include used by make
configure:2914: result: GNU
configure:2942: checking dependency style of gcc
configure:3032: result: gcc3
configure:3049: checking whether make sets $(MAKE)
configure:3069: result: yes
configure:3156: checking build system type
configure:3174: result: x86_64-unknown-linux-gnu
configure:3182: checking host system type
configure:3196: result: x86_64-unknown-linux-gnu
configure:3204: checking for a sed that does not truncate output
configure:3258: result: /bin/sed
configure:3261: checking for egrep
configure:3271: result: grep -E
configure:3287: checking for ld used by gcc
configure:3354: result: /usr/bin/ld
configure:3363: checking if the linker (/usr/bin/ld) is GNU ld
configure:3378: result: yes
configure:3383: checking for /usr/bin/ld option to reload object files
configure:3390: result: -r
configure:3399: checking for BSD-compatible nm
configure:3441: result: /usr/bin/nm -B
configure:3445: checking whether ln -s works
configure:3449: result: yes
configure:3456: checking how to recognise dependent libraries
configure:3639: result: pass_all
configure:3724: gcc -c -g -O2  conftest.c >&5
configure:3727: $? = 0
configure:3853: checking how to run the C preprocessor
configure:3888: gcc -E  conftest.c
configure:3894: $? = 0
configure:3926: gcc -E  conftest.c
conftest.c:11:28: fatal error: ac_nonexistent.h: No such file or directory
compilation terminated.
configure:3932: $? = 1
configure: failed program was:
| /* confdefs.h.  */
| 
| #define PACKAGE_NAME ""
| #define PACKAGE_TARNAME ""
| #define PACKAGE_VERSION ""
| #define PACKAGE_STRING ""
| #define PACKAGE_BUGREPORT ""
| #define PACKAGE "libstree"
| #define VERSION "0.4.2"
| /* end confdefs.h.  */
| #include <ac_nonexistent.h>
configure:3971: result: gcc -E
configure:3995: gcc -E  conftest.c
configure:4001: $? = 0
configure:4033: gcc -E  conftest.c
conftest.c:11:28: fatal error: ac_nonexistent.h: No such file or directory
compilation terminated.
configure:4039: $? = 1
configure: failed program was:
| /* confdefs.h.  */
| 
| #define PACKAGE_NAME ""
| #define PACKAGE_TARNAME ""
| #define PACKAGE_VERSION ""
| #define PACKAGE_STRING ""
| #define PACKAGE_BUGREPORT ""
| #define PACKAGE "libstree"
| #define VERSION "0.4.2"
| /* end confdefs.h.  */
| #include <ac_nonexistent.h>
configure:4083: checking for ANSI C header files
configure:4108: gcc -c -g -O2  conftest.c >&5
configure:4114: $? = 0
configure:4118: test -z 
			 || test ! -s conftest.err
configure:4121: $? = 0
configure:4124: test -s conftest.o
configure:4127: $? = 0
configure:4216: gcc -o conftest -g -O2   conftest.c  >&5
conftest.c: In function 'main':
conftest.c:28:7: warning: incompatible implicit declaration of built-in function 'exit' [enabled by default]
configure:4219: $? = 0
configure:4221: ./conftest
configure:4224: $? = 0
configure:4239: result: yes
configure:4263: checking for sys/types.h
configure:4279: gcc -c -g -O2  conftest.c >&5
configure:4285: $? = 0
configure:4289: test -z 
			 || test ! -s conftest.err
configure:4292: $? = 0
configure:4295: test -s conftest.o
configure:4298: $? = 0
configure:4309: result: yes
configure:4263: checking for sys/stat.h
configure:4279: gcc -c -g -O2  conftest.c >&5
configure:4285: $? = 0
configure:4289: test -z 
			 || test ! -s conftest.err
configure:4292: $? = 0
configure:4295: test -s conftest.o
configure:4298: $? = 0
configure:4309: result: yes
configure:4263: checking for stdlib.h
configure:4279: gcc -c -g -O2  conftest.c >&5
configure:4285: $? = 0
configure:4289: test -z 
			 || test ! -s conftest.err
configure:4292: $? = 0
configure:4295: test -s conftest.o
configure:4298: $? = 0
configure:4309: result: yes
configure:4263: checking for string.h
configure:4279: gcc -c -g -O2  conftest.c >&5
configure:4285: $? = 0
configure:4289: test -z 
			 || test ! -s conftest.err
configure:4292: $? = 0
configure:4295: test -s conftest.o
configure:4298: $? = 0
configure:4309: result: yes
configure:4263: checking for memory.h
configure:4279: gcc -c -g -O2  conftest.c >&5
configure:4285: $? = 0
configure:4289: test -z 
			 || test ! -s conftest.err
configure:4292: $? = 0
configure:4295: test -s conftest.o
configure:4298: $? = 0
configure:4309: result: yes
configure:4263: checking for strings.h
configure:4279: gcc -c -g -O2  conftest.c >&5
configure:4285: $? = 0
configure:4289: test -z 
			 || test ! -s conftest.err
configure:4292: $? = 0
configure:4295: test -s conftest.o
configure:4298: $? = 0
configure:4309: result: yes
configure:4263: checking for inttypes.h
configure:4279: gcc -c -g -O2  conftest.c >&5
configure:4285: $? = 0
configure:4289: test -z 
			 || test ! -s conftest.err
configure:4292: $? = 0
configure:4295: test -s conftest.o
configure:4298: $? = 0
configure:4309: result: yes
configure:4263: checking for stdint.h
configure:4279: gcc -c -g -O2  conftest.c >&5
configure:4285: $? = 0
configure:4289: test -z 
			 || test ! -s conftest.err
configure:4292: $? = 0
configure:4295: test -s conftest.o
configure:4298: $? = 0
configure:4309: result: yes
configure:4263: checking for unistd.h
configure:4279: gcc -c -g -O2  conftest.c >&5
configure:4285: $? = 0
configure:4289: test -z 
			 || test ! -s conftest.err
configure:4292: $? = 0
configure:4295: test -s conftest.o
configure:4298: $? = 0
configure:4309: result: yes
configure:4335: checking dlfcn.h usability
configure:4347: gcc -c -g -O2  conftest.c >&5
configure:4353: $? = 0
configure:4357: test -z 
			 || test ! -s conftest.err
configure:4360: $? = 0
configure:4363: test -s conftest.o
configure:4366: $? = 0
configure:4376: result: yes
configure:4380: checking dlfcn.h presence
configure:4390: gcc -E  conftest.c
configure:4396: $? = 0
configure:4416: result: yes
configure:4451: checking for dlfcn.h
configure:4458: result: yes
configure:4523: checking for g++
configure:4539: found /usr/bin/g++
configure:4549: result: g++
configure:4565: checking for C++ compiler version
configure:4568: g++ --version </dev/null >&5
g++ (Ubuntu/Linaro 4.7.2-2ubuntu1) 4.7.2
Copyright (C) 2012 Free Software Foundation, Inc.
This is free software; see the source for copying conditions.  There is NO
warranty; not even for MERCHANTABILITY or FITNESS FOR A PARTICULAR PURPOSE.

configure:4571: $? = 0
configure:4573: g++ -v </dev/null >&5
Using built-in specs.
COLLECT_GCC=g++
COLLECT_LTO_WRAPPER=/usr/lib/gcc/x86_64-linux-gnu/4.7/lto-wrapper
Target: x86_64-linux-gnu
Configured with: ../src/configure -v --with-pkgversion='Ubuntu/Linaro 4.7.2-2ubuntu1' --with-bugurl=file:///usr/share/doc/gcc-4.7/README.Bugs --enable-languages=c,c++,go,fortran,objc,obj-c++ --prefix=/usr --program-suffix=-4.7 --enable-shared --enable-linker-build-id --with-system-zlib --libexecdir=/usr/lib --without-included-gettext --enable-threads=posix --with-gxx-include-dir=/usr/include/c++/4.7 --libdir=/usr/lib --enable-nls --with-sysroot=/ --enable-clocale=gnu --enable-libstdcxx-debug --enable-libstdcxx-time=yes --enable-gnu-unique-object --enable-plugin --enable-objc-gc --disable-werror --with-arch-32=i686 --with-tune=generic --enable-checking=release --build=x86_64-linux-gnu --host=x86_64-linux-gnu --target=x86_64-linux-gnu
Thread model: posix
gcc version 4.7.2 (Ubuntu/Linaro 4.7.2-2ubuntu1) 
configure:4576: $? = 0
configure:4578: g++ -V </dev/null >&5
g++: error: unrecognized command line option '-V'
g++: fatal error: no input files
compilation terminated.
configure:4581: $? = 4
configure:4584: checking whether we are using the GNU C++ compiler
configure:4608: g++ -c   conftest.cc >&5
configure:4614: $? = 0
configure:4618: test -z 
			 || test ! -s conftest.err
configure:4621: $? = 0
configure:4624: test -s conftest.o
configure:4627: $? = 0
configure:4640: result: yes
configure:4646: checking whether g++ accepts -g
configure:4667: g++ -c -g  conftest.cc >&5
configure:4673: $? = 0
configure:4677: test -z 
			 || test ! -s conftest.err
configure:4680: $? = 0
configure:4683: test -s conftest.o
configure:4686: $? = 0
configure:4697: result: yes
configure:4739: g++ -c -g -O2  conftest.cc >&5
configure:4745: $? = 0
configure:4749: test -z 
			 || test ! -s conftest.err
configure:4752: $? = 0
configure:4755: test -s conftest.o
configure:4758: $? = 0
configure:4784: g++ -c -g -O2  conftest.cc >&5
conftest.cc: In function 'int main()':
conftest.cc:26:9: error: 'exit' was not declared in this scope
configure:4790: $? = 1
configure: failed program was:
| /* confdefs.h.  */
| 
| #define PACKAGE_NAME ""
| #define PACKAGE_TARNAME ""
| #define PACKAGE_VERSION ""
| #define PACKAGE_STRING ""
| #define PACKAGE_BUGREPORT ""
| #define PACKAGE "libstree"
| #define VERSION "0.4.2"
| #define STDC_HEADERS 1
| #define HAVE_SYS_TYPES_H 1
| #define HAVE_SYS_STAT_H 1
| #define HAVE_STDLIB_H 1
| #define HAVE_STRING_H 1
| #define HAVE_MEMORY_H 1
| #define HAVE_STRINGS_H 1
| #define HAVE_INTTYPES_H 1
| #define HAVE_STDINT_H 1
| #define HAVE_UNISTD_H 1
| #define HAVE_DLFCN_H 1
| /* end confdefs.h.  */
| 
| int
| main ()
| {
| exit (42);
|   ;
|   return 0;
| }
configure:4739: g++ -c -g -O2  conftest.cc >&5
conftest.cc:22:40: error: 'void std::exit(int)' should have been declared inside 'std'
configure:4745: $? = 1
configure: failed program was:
| /* confdefs.h.  */
| 
| #define PACKAGE_NAME ""
| #define PACKAGE_TARNAME ""
| #define PACKAGE_VERSION ""
| #define PACKAGE_STRING ""
| #define PACKAGE_BUGREPORT ""
| #define PACKAGE "libstree"
| #define VERSION "0.4.2"
| #define STDC_HEADERS 1
| #define HAVE_SYS_TYPES_H 1
| #define HAVE_SYS_STAT_H 1
| #define HAVE_STDLIB_H 1
| #define HAVE_STRING_H 1
| #define HAVE_MEMORY_H 1
| #define HAVE_STRINGS_H 1
| #define HAVE_INTTYPES_H 1
| #define HAVE_STDINT_H 1
| #define HAVE_UNISTD_H 1
| #define HAVE_DLFCN_H 1
| /* end confdefs.h.  */
| extern "C" void std::exit (int) throw (); using std::exit;
| #include <stdlib.h>
| int
| main ()
| {
| exit (42);
|   ;
|   return 0;
| }
configure:4739: g++ -c -g -O2  conftest.cc >&5
conftest.cc:22:31: error: 'void std::exit(int)' should have been declared inside 'std'
In file included from conftest.cc:23:0:
/usr/include/stdlib.h:544:70: error: declaration of 'void std::exit(int) throw ()' has a different exception specifier
conftest.cc:22:17: error: from previous declaration 'void std::exit(int)'
configure:4745: $? = 1
configure: failed program was:
| /* confdefs.h.  */
| 
| #define PACKAGE_NAME ""
| #define PACKAGE_TARNAME ""
| #define PACKAGE_VERSION ""
| #define PACKAGE_STRING ""
| #define PACKAGE_BUGREPORT ""
| #define PACKAGE "libstree"
| #define VERSION "0.4.2"
| #define STDC_HEADERS 1
| #define HAVE_SYS_TYPES_H 1
| #define HAVE_SYS_STAT_H 1
| #define HAVE_STDLIB_H 1
| #define HAVE_STRING_H 1
| #define HAVE_MEMORY_H 1
| #define HAVE_STRINGS_H 1
| #define HAVE_INTTYPES_H 1
| #define HAVE_STDINT_H 1
| #define HAVE_UNISTD_H 1
| #define HAVE_DLFCN_H 1
| /* end confdefs.h.  */
| extern "C" void std::exit (int); using std::exit;
| #include <stdlib.h>
| int
| main ()
| {
| exit (42);
|   ;
|   return 0;
| }
configure:4739: g++ -c -g -O2  conftest.cc >&5
configure:4745: $? = 0
configure:4749: test -z 
			 || test ! -s conftest.err
configure:4752: $? = 0
configure:4755: test -s conftest.o
configure:4758: $? = 0
configure:4784: g++ -c -g -O2  conftest.cc >&5
configure:4790: $? = 0
configure:4794: test -z 
			 || test ! -s conftest.err
configure:4797: $? = 0
configure:4800: test -s conftest.o
configure:4803: $? = 0
configure:4828: checking dependency style of g++
configure:4918: result: gcc3
configure:4940: checking how to run the C++ preprocessor
configure:4971: g++ -E  conftest.cc
configure:4977: $? = 0
configure:5009: g++ -E  conftest.cc
conftest.cc:25:28: fatal error: ac_nonexistent.h: No such file or directory
compilation terminated.
configure:5015: $? = 1
configure: failed program was:
| /* confdefs.h.  */
| 
| #define PACKAGE_NAME ""
| #define PACKAGE_TARNAME ""
| #define PACKAGE_VERSION ""
| #define PACKAGE_STRING ""
| #define PACKAGE_BUGREPORT ""
| #define PACKAGE "libstree"
| #define VERSION "0.4.2"
| #define STDC_HEADERS 1
| #define HAVE_SYS_TYPES_H 1
| #define HAVE_SYS_STAT_H 1
| #define HAVE_STDLIB_H 1
| #define HAVE_STRING_H 1
| #define HAVE_MEMORY_H 1
| #define HAVE_STRINGS_H 1
| #define HAVE_INTTYPES_H 1
| #define HAVE_STDINT_H 1
| #define HAVE_UNISTD_H 1
| #define HAVE_DLFCN_H 1
| #ifdef __cplusplus
| extern "C" void exit (int) throw ();
| #endif
| /* end confdefs.h.  */
| #include <ac_nonexistent.h>
configure:5054: result: g++ -E
configure:5078: g++ -E  conftest.cc
configure:5084: $? = 0
configure:5116: g++ -E  conftest.cc
conftest.cc:25:28: fatal error: ac_nonexistent.h: No such file or directory
compilation terminated.
configure:5122: $? = 1
configure: failed program was:
| /* confdefs.h.  */
| 
| #define PACKAGE_NAME ""
| #define PACKAGE_TARNAME ""
| #define PACKAGE_VERSION ""
| #define PACKAGE_STRING ""
| #define PACKAGE_BUGREPORT ""
| #define PACKAGE "libstree"
| #define VERSION "0.4.2"
| #define STDC_HEADERS 1
| #define HAVE_SYS_TYPES_H 1
| #define HAVE_SYS_STAT_H 1
| #define HAVE_STDLIB_H 1
| #define HAVE_STRING_H 1
| #define HAVE_MEMORY_H 1
| #define HAVE_STRINGS_H 1
| #define HAVE_INTTYPES_H 1
| #define HAVE_STDINT_H 1
| #define HAVE_UNISTD_H 1
| #define HAVE_DLFCN_H 1
| #ifdef __cplusplus
| extern "C" void exit (int) throw ();
| #endif
| /* end confdefs.h.  */
| #include <ac_nonexistent.h>
configure:5217: checking for g77
configure:5246: result: no
configure:5217: checking for f77
configure:5246: result: no
configure:5217: checking for xlf
configure:5246: result: no
configure:5217: checking for frt
configure:5246: result: no
configure:5217: checking for pgf77
configure:5246: result: no
configure:5217: checking for fort77
configure:5246: result: no
configure:5217: checking for fl32
configure:5246: result: no
configure:5217: checking for af77
configure:5246: result: no
configure:5217: checking for f90
configure:5246: result: no
configure:5217: checking for xlf90
configure:5246: result: no
configure:5217: checking for pgf90
configure:5246: result: no
configure:5217: checking for epcf90
configure:5246: result: no
configure:5217: checking for f95
configure:5246: result: no
configure:5217: checking for fort
configure:5246: result: no
configure:5217: checking for xlf95
configure:5246: result: no
configure:5217: checking for ifc
configure:5246: result: no
configure:5217: checking for efc
configure:5246: result: no
configure:5217: checking for pgf95
configure:5246: result: no
configure:5217: checking for lf95
configure:5246: result: no
configure:5217: checking for gfortran
configure:5246: result: no
configure:5258: checking for Fortran 77 compiler version
configure:5261:  --version </dev/null >&5
./configure: line 5262: --version: command not found
configure:5264: $? = 127
configure:5266:  -v </dev/null >&5
./configure: line 5267: -v: command not found
configure:5269: $? = 127
configure:5271:  -V </dev/null >&5
./configure: line 5272: -V: command not found
configure:5274: $? = 127
configure:5282: checking whether we are using the GNU Fortran 77 compiler
configure:5296:  -c  conftest.F >&5
./configure: line 5297: -c: command not found
configure:5302: $? = 127
configure: failed program was:
|       program main
| #ifndef __GNUC__
|        choke me
| #endif
| 
|       end
configure:5328: result: no
configure:5334: checking whether  accepts -g
configure:5346:  -c -g conftest.f >&5
./configure: line 5347: -c: command not found
configure:5352: $? = 127
configure: failed program was:
|       program main
| 
|       end
configure:5377: result: no
configure:5407: checking the maximum length of command line arguments
configure:5472: result: 32768
configure:5483: checking command to parse /usr/bin/nm -B output from gcc object
configure:5572: gcc -c -g -O2  conftest.c >&5
configure:5575: $? = 0
configure:5579: /usr/bin/nm -B conftest.o \| sed -n -e 's/^.*[ 	]\([ABCDGIRSTW][ABCDGIRSTW]*\)[ 	][ 	]*\(\)\([_A-Za-z][_A-Za-z0-9]*\)$/\1 \2\3 \3/p' \> conftest.nm
configure:5582: $? = 0
configure:5634: gcc -o conftest -g -O2   conftest.c conftstm.o >&5
configure:5637: $? = 0
configure:5675: result: ok
configure:5679: checking for objdir
configure:5694: result: .libs
configure:5784: checking for ar
configure:5800: found /usr/bin/ar
configure:5811: result: ar
configure:5864: checking for ranlib
configure:5880: found /usr/bin/ranlib
configure:5891: result: ranlib
configure:5944: checking for strip
configure:5960: found /usr/bin/strip
configure:5971: result: strip
configure:6233: checking if gcc static flag  works
configure:6256: result: yes
configure:6274: checking if gcc supports -fno-rtti -fno-exceptions
configure:6292: gcc -c -g -O2  -fno-rtti -fno-exceptions conftest.c >&5
cc1: warning: command line option '-fno-rtti' is valid for C++/ObjC++ but not for C [enabled by default]
configure:6296: $? = 0
configure:6307: result: no
configure:6322: checking for gcc option to produce PIC
configure:6499: result: -fPIC
configure:6507: checking if gcc PIC flag -fPIC works
configure:6525: gcc -c -g -O2  -fPIC -DPIC conftest.c >&5
configure:6529: $? = 0
configure:6540: result: yes
configure:6564: checking if gcc supports -c -o file.o
configure:6585: gcc -c -g -O2  -o out/conftest2.o conftest.c >&5
configure:6589: $? = 0
configure:6609: result: yes
configure:6635: checking whether the gcc linker (/usr/bin/ld -m elf_x86_64) supports shared libraries
configure:7483: result: yes
configure:7509: checking whether -lc should be explicitly linked in
configure:7514: gcc -c -g -O2  conftest.c >&5
configure:7517: $? = 0
configure:7531: gcc -shared conftest.o  -v -Wl,-soname -Wl,conftest -o conftest 2\>\&1 \| grep  -lc  \>/dev/null 2\>\&1
configure:7534: $? = 0
configure:7546: result: no
configure:7554: checking dynamic linker characteristics
configure:7920: gcc -c -g -O2  conftest.c >&5
configure:7923: $? = 0
configure:8115: result: GNU/Linux ld.so
configure:8119: checking how to hardcode library paths into programs
configure:8144: result: immediate
configure:8158: checking whether stripping libraries is possible
configure:8163: result: yes
configure:8993: checking if libtool supports shared libraries
configure:8995: result: yes
configure:8998: checking whether to build shared libraries
configure:9056: result: yes
configure:9059: checking whether to build static libraries
configure:9063: result: yes
configure:9155: creating libtool
configure:9702: checking for ld used by g++
configure:9769: result: /usr/bin/ld -m elf_x86_64
configure:9778: checking if the linker (/usr/bin/ld -m elf_x86_64) is GNU ld
configure:9793: result: yes
configure:9844: checking whether the g++ linker (/usr/bin/ld -m elf_x86_64) supports shared libraries
configure:10672: result: yes
configure:10690: g++ -c -g -O2  conftest.cc >&5
configure:10693: $? = 0
configure:10789: checking for g++ option to produce PIC
configure:11041: result: -fPIC
configure:11049: checking if g++ PIC flag -fPIC works
configure:11067: g++ -c -g -O2  -fPIC -DPIC conftest.cc >&5
configure:11071: $? = 0
configure:11082: result: yes
configure:11106: checking if g++ supports -c -o file.o
configure:11127: g++ -c -g -O2  -o out/conftest2.o conftest.cc >&5
configure:11131: $? = 0
configure:11151: result: yes
configure:11177: checking whether the g++ linker (/usr/bin/ld -m elf_x86_64) supports shared libraries
configure:11202: result: yes
configure:11273: checking dynamic linker characteristics
configure:11639: g++ -c -g -O2  conftest.cc >&5
configure:11642: $? = 0
configure:11834: result: GNU/Linux ld.so
configure:11838: checking how to hardcode library paths into programs
configure:11863: result: immediate
configure:11877: checking whether stripping libraries is possible
configure:11882: result: yes
configure:19200: checking for gtkdoc-mkdb
configure:19227: result: false
configure:19411: creating ./config.status

## ---------------------- ##
## Running config.status. ##
## ---------------------- ##

This file was extended by config.status, which was
generated by GNU Autoconf 2.59.  Invocation command line was

  CONFIG_FILES    = 
  CONFIG_HEADERS  = 
  CONFIG_LINKS    = 
  CONFIG_COMMANDS = 
  $ ./config.status 

on skysbird-System-Product-Name

config.status:721: creating Makefile
config.status:721: creating src/Makefile
config.status:721: creating test/Makefile
config.status:721: creating docs/Makefile
config.status:825: creating config.h
config.status:933: config.h is unchanged
config.status:1113: executing depfiles commands

## ---------------- ##
## Cache variables. ##
## ---------------- ##

ac_cv_build=x86_64-unknown-linux-gnu
ac_cv_build_alias=x86_64-unknown-linux-gnu
ac_cv_c_compiler_gnu=yes
ac_cv_cxx_compiler_gnu=yes
ac_cv_env_CC_set=
ac_cv_env_CC_value=
ac_cv_env_CFLAGS_set=
ac_cv_env_CFLAGS_value=
ac_cv_env_CPPFLAGS_set=
ac_cv_env_CPPFLAGS_value=
ac_cv_env_CPP_set=
ac_cv_env_CPP_value=
ac_cv_env_CXXCPP_set=
ac_cv_env_CXXCPP_value=
ac_cv_env_CXXFLAGS_set=
ac_cv_env_CXXFLAGS_value=
ac_cv_env_CXX_set=
ac_cv_env_CXX_value=
ac_cv_env_F77_set=
ac_cv_env_F77_value=
ac_cv_env_FFLAGS_set=
ac_cv_env_FFLAGS_value=
ac_cv_env_LDFLAGS_set=
ac_cv_env_LDFLAGS_value=
ac_cv_env_build_alias_set=
ac_cv_env_build_alias_value=
ac_cv_env_host_alias_set=
ac_cv_env_host_alias_value=
ac_cv_env_target_alias_set=
ac_cv_env_target_alias_value=
ac_cv_exeext=
ac_cv_f77_compiler_gnu=no
ac_cv_header_dlfcn_h=yes
ac_cv_header_inttypes_h=yes
ac_cv_header_memory_h=yes
ac_cv_header_stdc=yes
ac_cv_header_stdint_h=yes
ac_cv_header_stdlib_h=yes
ac_cv_header_string_h=yes
ac_cv_header_strings_h=yes
ac_cv_header_sys_stat_h=yes
ac_cv_header_sys_types_h=yes
ac_cv_header_unistd_h=yes
ac_cv_host=x86_64-unknown-linux-gnu
ac_cv_host_alias=x86_64-unknown-linux-gnu
ac_cv_objext=o
ac_cv_path_install='/usr/bin/install -c'
ac_cv_prog_AWK=mawk
ac_cv_prog_CPP='gcc -E'
ac_cv_prog_CXXCPP='g++ -E'
ac_cv_prog_GTKDOC=false
ac_cv_prog_ac_ct_AR=ar
ac_cv_prog_ac_ct_CC=gcc
ac_cv_prog_ac_ct_CXX=g++
ac_cv_prog_ac_ct_RANLIB=ranlib
ac_cv_prog_ac_ct_STRIP=strip
ac_cv_prog_cc_g=yes
ac_cv_prog_cc_stdc=
ac_cv_prog_cxx_g=yes
ac_cv_prog_egrep='grep -E'
ac_cv_prog_f77_g=no
ac_cv_prog_make_make_set=yes
am_cv_CC_dependencies_compiler_type=gcc3
am_cv_CXX_dependencies_compiler_type=gcc3
lt_cv_deplibs_check_method=pass_all
lt_cv_file_magic_cmd='$MAGIC_CMD'
lt_cv_file_magic_test_file='/lib/libc.so* /lib/libc-*.so'
lt_cv_ld_reload_flag=-r
lt_cv_objdir=.libs
lt_cv_path_LD=/usr/bin/ld
lt_cv_path_LDCXX='/usr/bin/ld -m elf_x86_64'
lt_cv_path_NM='/usr/bin/nm -B'
lt_cv_path_SED=/bin/sed
lt_cv_prog_compiler_c_o=yes
lt_cv_prog_compiler_c_o_CXX=yes
lt_cv_prog_compiler_rtti_exceptions=no
lt_cv_prog_gnu_ld=yes
lt_cv_prog_gnu_ldcxx=yes
lt_cv_sys_global_symbol_pipe='sed -n -e '\''s/^.*[ 	]\([ABCDGIRSTW][ABCDGIRSTW]*\)[ 	][ 	]*\(\)\([_A-Za-z][_A-Za-z0-9]*\)$/\1 \2\3 \3/p'\'''
lt_cv_sys_global_symbol_to_c_name_address='sed -n -e '\''s/^: \([^ ]*\) $/  {\"\1\", (lt_ptr) 0},/p'\'' -e '\''s/^[BCDEGRST] \([^ ]*\) \([^ ]*\)$/  {"\2", (lt_ptr) \&\2},/p'\'''
lt_cv_sys_global_symbol_to_cdecl='sed -n -e '\''s/^. .* \(.*\)$/extern int \1;/p'\'''
lt_cv_sys_max_cmd_len=32768
lt_lt_cv_prog_compiler_c_o='"yes"'
lt_lt_cv_prog_compiler_c_o_CXX='"yes"'
lt_lt_cv_sys_global_symbol_pipe='"sed -n -e '\''s/^.*[ 	]\\([ABCDGIRSTW][ABCDGIRSTW]*\\)[ 	][ 	]*\\(\\)\\([_A-Za-z][_A-Za-z0-9]*\\)\$/\\1 \\2\\3 \\3/p'\''"'
lt_lt_cv_sys_global_symbol_to_c_name_address='"sed -n -e '\''s/^: \\([^ ]*\\) \$/  {\\\"\\1\\\", (lt_ptr) 0},/p'\'' -e '\''s/^[BCDEGRST] \\([^ ]*\\) \\([^ ]*\\)\$/  {\"\\2\", (lt_ptr) \\&\\2},/p'\''"'
lt_lt_cv_sys_global_symbol_to_cdecl='"sed -n -e '\''s/^. .* \\(.*\\)\$/extern int \\1;/p'\''"'

## ----------------- ##
## Output variables. ##
## ----------------- ##

ACLOCAL='${SHELL} /home/skysbird/workspace/libstree-0.4.2/missing --run aclocal-1.9'
AMDEPBACKSLASH='\'
AMDEP_FALSE='#'
AMDEP_TRUE=''
AMTAR='${SHELL} /home/skysbird/workspace/libstree-0.4.2/missing --run tar'
AR='ar'
AUTOCONF='${SHELL} /home/skysbird/workspace/libstree-0.4.2/missing --run autoconf'
AUTOHEADER='${SHELL} /home/skysbird/workspace/libstree-0.4.2/missing --run autoheader'
AUTOMAKE='${SHELL} /home/skysbird/workspace/libstree-0.4.2/missing --run automake-1.9'
AWK='mawk'
CC='gcc'
CCDEPMODE='depmode=gcc3'
CFLAGS='-g -O2'
CPP='gcc -E'
CPPFLAGS=''
CXX='g++'
CXXCPP='g++ -E'
CXXDEPMODE='depmode=gcc3'
CXXFLAGS='-g -O2'
CYGPATH_W='echo'
DEFS='-DHAVE_CONFIG_H'
DEPDIR='.deps'
ECHO='echo'
ECHO_C=''
ECHO_N='-n'
ECHO_T=''
EGREP='grep -E'
ENABLE_GTK_DOC_FALSE=''
ENABLE_GTK_DOC_TRUE='#'
EXEEXT=''
F77=''
FFLAGS=''
GTKDOC='false'
HTML_DIR='${datadir}/gtk-doc/html'
INSTALL_DATA='${INSTALL} -m 644'
INSTALL_PROGRAM='${INSTALL}'
INSTALL_SCRIPT='${INSTALL}'
INSTALL_STRIP_PROGRAM='${SHELL} $(install_sh) -c -s'
LDFLAGS=''
LIBOBJS=''
LIBS=''
LIBTOOL='$(SHELL) $(top_builddir)/libtool'
LN_S='ln -s'
LTLIBOBJS=''
MAKEINFO='${SHELL} /home/skysbird/workspace/libstree-0.4.2/missing --run makeinfo'
OBJEXT='o'
PACKAGE='libstree'
PACKAGE_BUGREPORT=''
PACKAGE_NAME=''
PACKAGE_STRING=''
PACKAGE_TARNAME=''
PACKAGE_VERSION=''
PATH_SEPARATOR=':'
RANLIB='ranlib'
SET_MAKE=''
SHELL='/bin/bash'
STRIP='strip'
VERSION='0.4.2'
ac_ct_AR='ar'
ac_ct_CC='gcc'
ac_ct_CXX='g++'
ac_ct_F77=''
ac_ct_RANLIB='ranlib'
ac_ct_STRIP='strip'
am__fastdepCC_FALSE='#'
am__fastdepCC_TRUE=''
am__fastdepCXX_FALSE='#'
am__fastdepCXX_TRUE=''
am__include='include'
am__leading_dot='.'
am__quote=''
am__tar='${AMTAR} chof - "$$tardir"'
am__untar='${AMTAR} xf -'
bindir='${exec_prefix}/bin'
build='x86_64-unknown-linux-gnu'
build_alias=''
build_cpu='x86_64'
build_os='linux-gnu'
build_vendor='unknown'
datadir='${prefix}/share'
exec_prefix='${prefix}'
host='x86_64-unknown-linux-gnu'
host_alias=''
host_cpu='x86_64'
host_os='linux-gnu'
host_vendor='unknown'
includedir='${prefix}/include'
infodir='${prefix}/info'
install_sh='/home/skysbird/workspace/libstree-0.4.2/install-sh'
libdir='${exec_prefix}/lib'
libexecdir='${exec_prefix}/libexec'
localstatedir='${prefix}/var'
mandir='${prefix}/man'
mkdir_p='mkdir -p --'
oldincludedir='/usr/include'
prefix='/usr/local'
program_transform_name='s,x,x,'
sbindir='${exec_prefix}/sbin'
sharedstatedir='${prefix}/com'
sysconfdir='${prefix}/etc'
target_alias=''

## ----------- ##
## confdefs.h. ##
## ----------- ##

#define HAVE_DLFCN_H 1
#define HAVE_INTTYPES_H 1
#define HAVE_MEMORY_H 1
#define HAVE_STDINT_H 1
#define HAVE_STDLIB_H 1
#define HAVE_STRINGS_H 1
#define HAVE_STRING_H 1
#define HAVE_SYS_STAT_H 1
#define HAVE_SYS_TYPES_H 1
#define HAVE_UNISTD_H 1
#define PACKAGE "libstree"
#define PACKAGE_BUGREPORT ""
#define PACKAGE_NAME ""
#define PACKAGE_STRING ""
#define PACKAGE_TARNAME ""
#define PACKAGE_VERSION ""
#define STDC_HEADERS 1
#define VERSION "0.4.2"
#endif
#ifdef __cplusplus
extern "C" void exit (int) throw ();

configure: exit 0
